[0m10:59:48.178778 [debug] [MainThread]: Sending event: {'category': 'dbt', 'action': 'invocation', 'label': 'start', 'context': [<snowplow_tracker.self_describing_json.SelfDescribingJson object at 0x0000027B937B5D90>, <snowplow_tracker.self_describing_json.SelfDescribingJson object at 0x0000027B9676D7D0>, <snowplow_tracker.self_describing_json.SelfDescribingJson object at 0x0000027B937B5E10>]}


============================== 10:59:48.189255 | 8e337f4c-00b1-46ad-9242-2b329e6b4f1e ==============================
[0m10:59:48.189255 [info ] [MainThread]: Running with dbt=1.11.6
[0m10:59:48.190512 [debug] [MainThread]: running dbt with arguments {'version_check': 'True', 'no_print': 'None', 'static_parser': 'True', 'warn_error_options': 'WarnErrorOptionsV2(error=[], warn=[], silence=[])', 'target_path': 'None', 'printer_width': '80', 'write_json': 'True', 'empty': 'None', 'log_cache_events': 'False', 'introspect': 'True', 'cache_selected_only': 'False', 'log_format': 'default', 'debug': 'False', 'fail_fast': 'False', 'partial_parse': 'True', 'send_anonymous_usage_stats': 'True', 'quiet': 'False', 'warn_error': 'None', 'profiles_dir': 'C:\\Users\\LENOVO\\.dbt', 'use_colors': 'True', 'invocation_command': 'dbt init transformacion_vuelos', 'indirect_selection': 'eager', 'use_experimental_parser': 'False', 'log_path': 'logs'}
[0m10:59:48.250586 [info ] [MainThread]: Creating dbt configuration folder at C:\Users\LENOVO\.dbt
[0m10:59:48.256500 [debug] [MainThread]: Starter project path: C:\Users\LENOVO\Desktop\flight_delay_pipeline\venv\Lib\site-packages\dbt\include\starter_project
[0m10:59:48.431942 [info ] [MainThread]: 
Your new dbt project "transformacion_vuelos" was created!

For more information on how to configure the profiles.yml file,
please consult the dbt documentation here:

  https://docs.getdbt.com/docs/configure-your-profile

One more thing:

Need help? Don't hesitate to reach out to us via GitHub issues or on Slack:

  https://community.getdbt.com/

Happy modeling!

[0m10:59:48.436475 [info ] [MainThread]: Setting up your profile.
[0m11:02:14.206491 [info ] [MainThread]: Profile transformacion_vuelos written to C:\Users\LENOVO\.dbt\profiles.yml using target's profile_template.yml and your supplied values. Run 'dbt debug' to validate the connection.
[0m11:02:14.235485 [debug] [MainThread]: Command `dbt init` succeeded at 11:02:14.234606 after 146.21 seconds
[0m11:02:14.241718 [debug] [MainThread]: Sending event: {'category': 'dbt', 'action': 'invocation', 'label': 'end', 'context': [<snowplow_tracker.self_describing_json.SelfDescribingJson object at 0x0000027B96ECCA90>, <snowplow_tracker.self_describing_json.SelfDescribingJson object at 0x0000027B9037FED0>, <snowplow_tracker.self_describing_json.SelfDescribingJson object at 0x0000027B96F8FED0>]}
[0m11:02:14.245668 [debug] [MainThread]: Flushing usage events
[0m11:02:15.183294 [debug] [MainThread]: An error was encountered while trying to flush usage events
