[2026-03-02T23:19:43.854+0000] {taskinstance.py:1956} INFO - Dependencies all met for dep_context=non-requeueable deps ti=<TaskInstance: 01_prediccion_retrasos_vuelos.verificar_dataset_bruto manual__2026-03-02T21:41:55.817933+00:00 [queued]>
[2026-03-02T23:19:43.867+0000] {taskinstance.py:1956} INFO - Dependencies all met for dep_context=requeueable deps ti=<TaskInstance: 01_prediccion_retrasos_vuelos.verificar_dataset_bruto manual__2026-03-02T21:41:55.817933+00:00 [queued]>
[2026-03-02T23:19:43.868+0000] {taskinstance.py:2170} INFO - Starting attempt 2 of 2
[2026-03-02T23:19:43.888+0000] {taskinstance.py:2191} INFO - Executing <Task(PythonOperator): verificar_dataset_bruto> on 2026-03-02 21:41:55.817933+00:00
[2026-03-02T23:19:43.905+0000] {standard_task_runner.py:60} INFO - Started process 266 to run task
[2026-03-02T23:19:43.910+0000] {standard_task_runner.py:87} INFO - Running: ['***', 'tasks', 'run', '01_prediccion_retrasos_vuelos', 'verificar_dataset_bruto', 'manual__2026-03-02T21:41:55.817933+00:00', '--job-id', '14', '--raw', '--subdir', 'DAGS_FOLDER/01_flight_pipeline.py', '--cfg-path', '/tmp/tmp9z9hnr59']
[2026-03-02T23:19:43.917+0000] {standard_task_runner.py:88} INFO - Job 14: Subtask verificar_dataset_bruto
[2026-03-02T23:19:44.056+0000] {task_command.py:423} INFO - Running <TaskInstance: 01_prediccion_retrasos_vuelos.verificar_dataset_bruto manual__2026-03-02T21:41:55.817933+00:00 [running]> on host aca672ba4c66
[2026-03-02T23:19:44.201+0000] {taskinstance.py:2480} INFO - Exporting env vars: AIRFLOW_CTX_DAG_OWNER='jorge_data_engineer' AIRFLOW_CTX_DAG_ID='01_prediccion_retrasos_vuelos' AIRFLOW_CTX_TASK_ID='verificar_dataset_bruto' AIRFLOW_CTX_EXECUTION_DATE='2026-03-02T21:41:55.817933+00:00' AIRFLOW_CTX_TRY_NUMBER='2' AIRFLOW_CTX_DAG_RUN_ID='manual__2026-03-02T21:41:55.817933+00:00'
[2026-03-02T23:19:44.207+0000] {taskinstance.py:2698} ERROR - Task failed with exception
Traceback (most recent call last):
  File "/home/airflow/.local/lib/python3.8/site-packages/airflow/models/taskinstance.py", line 433, in _execute_task
    result = execute_callable(context=context, **execute_callable_kwargs)
  File "/home/airflow/.local/lib/python3.8/site-packages/airflow/operators/python.py", line 199, in execute
    return_value = self.execute_callable()
  File "/home/airflow/.local/lib/python3.8/site-packages/airflow/operators/python.py", line 216, in execute_callable
    return self.python_callable(*self.op_args, **self.op_kwargs)
  File "/opt/airflow/dags/01_flight_pipeline.py", line 18, in verificar_archivo_csv
    raise FileNotFoundError(f"Error: No se encontró el archivo en {ruta_archivo}")
FileNotFoundError: Error: No se encontró el archivo en /opt/***/data/flights_raw.csv
[2026-03-02T23:19:44.225+0000] {taskinstance.py:1138} INFO - Marking task as FAILED. dag_id=01_prediccion_retrasos_vuelos, task_id=verificar_dataset_bruto, execution_date=20260302T214155, start_date=20260302T231943, end_date=20260302T231944
[2026-03-02T23:19:44.246+0000] {standard_task_runner.py:107} ERROR - Failed to execute job 14 for task verificar_dataset_bruto (Error: No se encontró el archivo en /opt/***/data/flights_raw.csv; 266)
[2026-03-02T23:19:44.289+0000] {local_task_job_runner.py:234} INFO - Task exited with return code 1
[2026-03-02T23:19:44.323+0000] {taskinstance.py:3280} INFO - 0 downstream tasks scheduled from follow-on schedule check
